
ROM used:   296/8192 (4%)
            296/8192 (4%) including unused fragments

            0.4 Average locations per line
            4.9 Average locations per statement

RAM used:   8/368 (2%) at main() level
            10/368 (3%) worst case

Stack used: 2 worst case (2 in main + 0 for interrupts)
Stack size: 8

Lines Stmts  %   Files
----- ----- ---  -----
  144    61 100  codigoooooooooooooooooooo.c
  620     0   0  ..\..\..\..\Program Files (x86)\PICC\devices\16f876a.h
----- -----
  764    61 Total

Page ROM  %  RAM   Vol Diff  Functions:
---- --- --- ---   --- ----  ----------
0     20   7    1             @delay_ms1
0     15   5    1             @delay_us1
0     58  20    0   457  4.2  main
0     13   4    0             @goto10565
0     27   9    0   113  1.3  adelante
0     27   9    0   113  1.3  atras
0     27   9    0   113  1.3  derecha
0     27   9    0   113  1.3  izquierda
0     32  11    1   145  3.1  servoabrir
0     35  12    1   149  3.1  servocerrar
0     11   4    0    37  1.1  freno
 Inline         0             @cinit1

Program metrics:
    Functions               8
    Statements              61
    Comments                151
    Volume (V)              2016
    Difficulty (D)          16.1
    Effort to implement (E) 32361
    Time to implement (T)   30 minutes
    Est Delivered Bugs (B)  0
    Cyclomatic Complexity   11
    Maintainability (MI)    131

 Segment     Used  Free
-----------  ----  ----
00000-00003     4  0  
00004-007FF   292  1752  
00800-00FFF     0  2048  
01000-017FF     0  2048  
01800-01FFF     0  2048  



