*** Error 43 "codigoooooooooooooooooooo.c" Line 63(1,128): Expecting a declaration
*** Error 1 "codigoooooooooooooooooooo.c" Line 63(1,2): Illegal C character in input file  0x80
*** Error 1 "codigoooooooooooooooooooo.c" Line 63(1,2): Illegal C character in input file  0x00
*** Error 1 "codigoooooooooooooooooooo.c" Line 63(1,2): Illegal C character in input file  0xF5
*** Error 1 "codigoooooooooooooooooooo.c" Line 63(1,2): Illegal C character in input file  0x04
*** Error 1 "codigoooooooooooooooooooo.c" Line 63(1,2): Illegal C character in input file  0x00
*** Error 1 "codigoooooooooooooooooooo.c" Line 63(1,2): Illegal C character in input file  0x00
*** Error 1 "codigoooooooooooooooooooo.c" Line 63(1,2): Illegal C character in input file  0xFF
*** Error 1 "codigoooooooooooooooooooo.c" Line 63(1,2): Illegal C character in input file  0xFF
*** Error 1 "codigoooooooooooooooooooo.c" Line 63(1,2): Illegal C character in input file  0xFF
*** Error 1 "codigoooooooooooooooooooo.c" Line 63(1,2): Illegal C character in input file  0x00
*** Error 1 "codigoooooooooooooooooooo.c" Line 63(1,2): Illegal C character in input file  0x06
*** Error 1 "codigoooooooooooooooooooo.c" Line 63(1,2): Illegal C character in input file  0x00
*** Error 1 "codigoooooooooooooooooooo.c" Line 63(1,2): Illegal C character in input file  0x00
*** Error 1 "codigoooooooooooooooooooo.c" Line 63(1,2): Illegal C character in input file  0x00
*** Error 1 "codigoooooooooooooooooooo.c" Line 63(1,2): Illegal C character in input file  0x00
*** Error 1 "codigoooooooooooooooooooo.c" Line 63(1,2): Illegal C character in input file  0x00
*** Error 1 "codigoooooooooooooooooooo.c" Line 63(1,2): Illegal C character in input file  0x00
*** Error 1 "codigoooooooooooooooooooo.c" Line 63(1,2): Illegal C character in input file  0x00
*** Error 1 "codigoooooooooooooooooooo.c" Line 63(1,2): Illegal C character in input file  0xB4
*** Error 1 "codigoooooooooooooooooooo.c" Line 63(8,9): Illegal C character in input file  0x9D
*** Error 1 "codigoooooooooooooooooooo.c" Line 63(8,9): Illegal C character in input file  0x07
*** Error 1 "codigoooooooooooooooooooo.c" Line 63(8,9): Illegal C character in input file  0xD9
*** Error 48 "codigoooooooooooooooooooo.c" Line 63(1,2): Expecting a (
