Change Component Footprint: Designator=P1 Old Footprint=PCATEDGE New Footprint=BORNERA2 azul
Change Component Comment : Designator=P1 Old Comment=PCATEDGE New Comment=MOTOR1
Change component parameters: Designator = "P1"; Footprint = "BORNERA2 azul"; UniqueID = "\HUUWBWET"
Change component parameters. Clean all parameters for all variants
Change component parameters (AddParameter): Name = "LatestRevisionDate"; Value = "17-Jul-2002"; VariantName = "[No Variations]"
Change component parameters (AddParameter): Name = "LatestRevisionNote"; Value = "Re-released for DXP Platform."; VariantName = "[No Variations]"
Change component parameters (AddParameter): Name = "Publisher"; Value = "Altium Limited"; VariantName = "[No Variations]"
Added Component: Designator=C1(CAP0.15)
Add component. Clean all parameters for all variants
Added Component: Designator=C2(CAP0.15)
Add component. Clean all parameters for all variants
Added Component: Designator=C3(CAP0.15)
Add component. Clean all parameters for all variants
Added Component: Designator=C4(CAP0.15)
Add component. Clean all parameters for all variants
Added Component: Designator=C5(ELECTROLITICO 5X10)
Add component. Clean all parameters for all variants
Add component (AddParameter): Name = "LatestRevisionDate"; Value = "17-Jul-2002"; VariantName = "[No Variations]"
Add component (AddParameter): Name = "LatestRevisionNote"; Value = "Re-released for DXP Platform."; VariantName = "[No Variations]"
Add component (AddParameter): Name = "PackageReference"; Value = "C0805"; VariantName = "[No Variations]"
Add component (AddParameter): Name = "Published"; Value = "8-Jun-2000"; VariantName = "[No Variations]"
Add component (AddParameter): Name = "Publisher"; Value = "Altium Limited"; VariantName = "[No Variations]"
Add component (AddParameter): Name = "Value"; Value = "220uF"; VariantName = "[No Variations]"
Added Component: Designator=CI1(DIP16)
Add component. Clean all parameters for all variants
Add component (AddParameter): Name = "Code_JEDEC"; Value = "SOT-23"; VariantName = "[No Variations]"
Add component (AddParameter): Name = "LatestRevisionDate"; Value = "17-Jul-2002"; VariantName = "[No Variations]"
Add component (AddParameter): Name = "LatestRevisionNote"; Value = "Re-released for DXP Platform."; VariantName = "[No Variations]"
Add component (AddParameter): Name = "PackageReference"; Value = "SOT-23B"; VariantName = "[No Variations]"
Add component (AddParameter): Name = "Published"; Value = "8-Jun-2000"; VariantName = "[No Variations]"
Add component (AddParameter): Name = "Publisher"; Value = "Altium Limited"; VariantName = "[No Variations]"
Added Component: Designator=P2(BORNERA2 azul)
Add component. Clean all parameters for all variants
Add component (AddParameter): Name = "LatestRevisionDate"; Value = "17-Jul-2002"; VariantName = "[No Variations]"
Add component (AddParameter): Name = "LatestRevisionNote"; Value = "Re-released for DXP Platform."; VariantName = "[No Variations]"
Add component (AddParameter): Name = "Publisher"; Value = "Altium Limited"; VariantName = "[No Variations]"
Added Component: Designator=P3(TORNILLO)
Add component. Clean all parameters for all variants
Add component (AddParameter): Name = "LatestRevisionDate"; Value = "17-Jul-2002"; VariantName = "[No Variations]"
Add component (AddParameter): Name = "LatestRevisionNote"; Value = "Re-released for DXP Platform."; VariantName = "[No Variations]"
Add component (AddParameter): Name = "Publisher"; Value = "Altium Limited"; VariantName = "[No Variations]"
Added Component: Designator=P4(Header 1X6)
Add component. Clean all parameters for all variants
Add component (AddParameter): Name = "LatestRevisionDate"; Value = "17-Jul-2002"; VariantName = "[No Variations]"
Add component (AddParameter): Name = "LatestRevisionNote"; Value = "Re-released for DXP Platform."; VariantName = "[No Variations]"
Add component (AddParameter): Name = "Publisher"; Value = "Altium Limited"; VariantName = "[No Variations]"
Added Component: Designator=P5(TORNILLO)
Add component. Clean all parameters for all variants
Add component (AddParameter): Name = "LatestRevisionDate"; Value = "17-Jul-2002"; VariantName = "[No Variations]"
Add component (AddParameter): Name = "LatestRevisionNote"; Value = "Re-released for DXP Platform."; VariantName = "[No Variations]"
Add component (AddParameter): Name = "Publisher"; Value = "Altium Limited"; VariantName = "[No Variations]"
Added Component: Designator=P6(TORNILLO)
Add component. Clean all parameters for all variants
Add component (AddParameter): Name = "LatestRevisionDate"; Value = "17-Jul-2002"; VariantName = "[No Variations]"
Add component (AddParameter): Name = "LatestRevisionNote"; Value = "Re-released for DXP Platform."; VariantName = "[No Variations]"
Add component (AddParameter): Name = "Publisher"; Value = "Altium Limited"; VariantName = "[No Variations]"
Added Component: Designator=P7(TORNILLO)
Add component. Clean all parameters for all variants
Add component (AddParameter): Name = "LatestRevisionDate"; Value = "17-Jul-2002"; VariantName = "[No Variations]"
Add component (AddParameter): Name = "LatestRevisionNote"; Value = "Re-released for DXP Platform."; VariantName = "[No Variations]"
Add component (AddParameter): Name = "Publisher"; Value = "Altium Limited"; VariantName = "[No Variations]"
Added Component: Designator=P8(Header 1X3)
Add component. Clean all parameters for all variants
Add component (AddParameter): Name = "LatestRevisionDate"; Value = "17-Jul-2002"; VariantName = "[No Variations]"
Add component (AddParameter): Name = "LatestRevisionNote"; Value = "Re-released for DXP Platform."; VariantName = "[No Variations]"
Add component (AddParameter): Name = "Publisher"; Value = "Altium Limited"; VariantName = "[No Variations]"
Added Component: Designator=P9(Header 1X3)
Add component. Clean all parameters for all variants
Add component (AddParameter): Name = "LatestRevisionDate"; Value = "17-Jul-2002"; VariantName = "[No Variations]"
Add component (AddParameter): Name = "LatestRevisionNote"; Value = "Re-released for DXP Platform."; VariantName = "[No Variations]"
Add component (AddParameter): Name = "Publisher"; Value = "Altium Limited"; VariantName = "[No Variations]"
Added Component: Designator=P10(HEADER1X2)
Add component. Clean all parameters for all variants
Add component (AddParameter): Name = "LatestRevisionDate"; Value = "17-Jul-2002"; VariantName = "[No Variations]"
Add component (AddParameter): Name = "LatestRevisionNote"; Value = "Re-released for DXP Platform."; VariantName = "[No Variations]"
Add component (AddParameter): Name = "Publisher"; Value = "Altium Limited"; VariantName = "[No Variations]"
Added Component: Designator=P11(HEADER1X2)
Add component. Clean all parameters for all variants
Add component (AddParameter): Name = "LatestRevisionDate"; Value = "17-Jul-2002"; VariantName = "[No Variations]"
Add component (AddParameter): Name = "LatestRevisionNote"; Value = "Re-released for DXP Platform."; VariantName = "[No Variations]"
Add component (AddParameter): Name = "Publisher"; Value = "Altium Limited"; VariantName = "[No Variations]"
Added Component: Designator=P12(BORNERA2 azul)
Add component. Clean all parameters for all variants
Add component (AddParameter): Name = "LatestRevisionDate"; Value = "17-Jul-2002"; VariantName = "[No Variations]"
Add component (AddParameter): Name = "LatestRevisionNote"; Value = "Re-released for DXP Platform."; VariantName = "[No Variations]"
Add component (AddParameter): Name = "Publisher"; Value = "Altium Limited"; VariantName = "[No Variations]"
Added Component: Designator=U1(DIP28)
Add component. Clean all parameters for all variants
Add component (AddParameter): Name = "Code_JEDEC"; Value = "MS-013"; VariantName = "[No Variations]"
Add component (AddParameter): Name = "ComponentAvailability"; Value = "Unknown. Contact manufacturer to determine status."; VariantName = "[No Variations]"
Add component (AddParameter): Name = "ComponentLink1Description"; Value = "Datasheet"; VariantName = "[No Variations]"
Add component (AddParameter): Name = "ComponentLink1URL"; Value = "http://ww1.microchip.com/downloads/en/DeviceDoc/39582b.pdf"; VariantName = "[No Variations]"
Add component (AddParameter): Name = "ComponentLink2Description"; Value = "Packaging Specification"; VariantName = "[No Variations]"
Add component (AddParameter): Name = "ComponentLink2URL"; Value = "http://www.microchip.com/stellent/groups/techpub_sg/documents/packagingspec/en012702.pdf"; VariantName = "[No Variations]"
Add component (AddParameter): Name = "ComponentLink3Description"; Value = "Microchip.com Home"; VariantName = "[No Variations]"
Add component (AddParameter): Name = "ComponentLink3URL"; Value = "http://www.microchip.com/"; VariantName = "[No Variations]"
Add component (AddParameter): Name = "DatasheetVersion"; Value = "revB, Oct-2003"; VariantName = "[No Variations]"
Add component (AddParameter): Name = "LatestRevisionDate"; Value = "29-Jan-2009"; VariantName = "[No Variations]"
Add component (AddParameter): Name = "LatestRevisionNote"; Value = "Sch. layout revised. 3D Model Removed."; VariantName = "[No Variations]"
Add component (AddParameter): Name = "PackageDescription"; Value = "28-Lead Plastic Small Outline (SO) - Wide 7.50mm Body [SOIC]"; VariantName = "[No Variations]"
Add component (AddParameter): Name = "PackageReference"; Value = "SOIC-SO28"; VariantName = "[No Variations]"
Add component (AddParameter): Name = "PackageVersion"; Value = "revBB, Aug-2009"; VariantName = "[No Variations]"
Add component (AddParameter): Name = "Published"; Value = "11-Oct-2004"; VariantName = "[No Variations]"
Add component (AddParameter): Name = "Publisher"; Value = "Altium Limited"; VariantName = "[No Variations]"
Add component (AddParameter): Name = "Supplier 1"; Value = "Digi-Key"; VariantName = "[No Variations]"
Add component (AddParameter): Name = "Supplier 2"; Value = "Farnell"; VariantName = "[No Variations]"
Add component (AddParameter): Name = "Supplier 3"; Value = "Farnell"; VariantName = "[No Variations]"
Add component (AddParameter): Name = "Supplier Part Number 1"; Value = "PIC16F876A-I/SO-ND"; VariantName = "[No Variations]"
Add component (AddParameter): Name = "Supplier Part Number 2"; Value = "9761306"; VariantName = "[No Variations]"
Add component (AddParameter): Name = "Supplier Part Number 3"; Value = "1660040"; VariantName = "[No Variations]"
Added Component: Designator=U2(TO92)
Add component. Clean all parameters for all variants
Added Component: Designator=Y1(HP49-S)
Add component. Clean all parameters for all variants
Add component (AddParameter): Name = "LatestRevisionDate"; Value = "17-Jul-2002"; VariantName = "[No Variations]"
Add component (AddParameter): Name = "LatestRevisionNote"; Value = "Re-released for DXP Platform."; VariantName = "[No Variations]"
Add component (AddParameter): Name = "PackageReference"; Value = "R38"; VariantName = "[No Variations]"
Add component (AddParameter): Name = "Published"; Value = "8-Jun-2000"; VariantName = "[No Variations]"
Add component (AddParameter): Name = "Publisher"; Value = "Altium Limited"; VariantName = "[No Variations]"
Added Pin To Net: NetName=+5 Pin=C5-1
Added Pin To Net: NetName=+5 Pin=P4-5
Added Pin To Net: NetName=+5 Pin=P8-2
Added Pin To Net: NetName=+5 Pin=P9-2
Added Pin To Net: NetName=+5 Pin=U1-1
Added Pin To Net: NetName=+5 Pin=U1-20
Added Pin To Net: NetName=+5 Pin=U2-1
Added Net: Name=+5
Added Pin To Net: NetName=GND Pin=C3-1
Added Pin To Net: NetName=GND Pin=C4-1
Added Pin To Net: NetName=GND Pin=C5-2
Added Pin To Net: NetName=GND Pin=CI1-4
Added Pin To Net: NetName=GND Pin=CI1-5
Added Pin To Net: NetName=GND Pin=CI1-12
Added Pin To Net: NetName=GND Pin=CI1-13
Added Pin To Net: NetName=GND Pin=P4-4
Added Pin To Net: NetName=GND Pin=P8-3
Added Pin To Net: NetName=GND Pin=P9-3
Added Pin To Net: NetName=GND Pin=P10-2
Added Pin To Net: NetName=GND Pin=P11-2
Added Pin To Net: NetName=GND Pin=P12-1
Added Pin To Net: NetName=GND Pin=U1-8
Added Pin To Net: NetName=GND Pin=U1-19
Added Pin To Net: NetName=GND Pin=U2-2
Added Net: Name=GND
Added Pin To Net: NetName=NetC1_1 Pin=C1-1
Added Pin To Net: NetName=NetC1_1 Pin=CI1-3
Added Pin To Net: NetName=NetC1_1 Pin=P1-1
Added Net: Name=NetC1_1
Added Pin To Net: NetName=NetC1_2 Pin=C1-2
Added Pin To Net: NetName=NetC1_2 Pin=CI1-6
Added Pin To Net: NetName=NetC1_2 Pin=P1-2
Added Net: Name=NetC1_2
Added Pin To Net: NetName=NetC2_1 Pin=C2-1
Added Pin To Net: NetName=NetC2_1 Pin=CI1-14
Added Pin To Net: NetName=NetC2_1 Pin=P2-1
Added Net: Name=NetC2_1
Added Pin To Net: NetName=NetC2_2 Pin=C2-2
Added Pin To Net: NetName=NetC2_2 Pin=CI1-11
Added Pin To Net: NetName=NetC2_2 Pin=P2-2
Added Net: Name=NetC2_2
Added Pin To Net: NetName=NetC3_2 Pin=C3-2
Added Pin To Net: NetName=NetC3_2 Pin=U1-9
Added Pin To Net: NetName=NetC3_2 Pin=Y1-1
Added Net: Name=NetC3_2
Added Pin To Net: NetName=NetC4_2 Pin=C4-2
Added Pin To Net: NetName=NetC4_2 Pin=U1-10
Added Pin To Net: NetName=NetC4_2 Pin=Y1-2
Added Net: Name=NetC4_2
Added Pin To Net: NetName=NetCI1_1 Pin=CI1-1
Added Pin To Net: NetName=NetCI1_1 Pin=CI1-9
Added Pin To Net: NetName=NetCI1_1 Pin=U1-24
Added Net: Name=NetCI1_1
Added Pin To Net: NetName=NetCI1_2 Pin=CI1-2
Added Pin To Net: NetName=NetCI1_2 Pin=U1-28
Added Net: Name=NetCI1_2
Added Pin To Net: NetName=NetCI1_7 Pin=CI1-7
Added Pin To Net: NetName=NetCI1_7 Pin=U1-27
Added Net: Name=NetCI1_7
Added Pin To Net: NetName=NetCI1_10 Pin=CI1-10
Added Pin To Net: NetName=NetCI1_10 Pin=U1-26
Added Net: Name=NetCI1_10
Added Pin To Net: NetName=NetCI1_15 Pin=CI1-15
Added Pin To Net: NetName=NetCI1_15 Pin=U1-25
Added Net: Name=NetCI1_15
Added Pin To Net: NetName=NetP4_2 Pin=P4-2
Added Pin To Net: NetName=NetP4_2 Pin=U1-17
Added Net: Name=NetP4_2
Added Pin To Net: NetName=NetP4_3 Pin=P4-3
Added Pin To Net: NetName=NetP4_3 Pin=U1-18
Added Net: Name=NetP4_3
Added Pin To Net: NetName=NetP8_1 Pin=P8-1
Added Pin To Net: NetName=NetP8_1 Pin=U1-11
Added Net: Name=NetP8_1
Added Pin To Net: NetName=NetP9_1 Pin=P9-1
Added Pin To Net: NetName=NetP9_1 Pin=U1-12
Added Net: Name=NetP9_1
Added Pin To Net: NetName=NetP10_1 Pin=P10-1
Added Pin To Net: NetName=NetP10_1 Pin=U1-21
Added Net: Name=NetP10_1
Added Pin To Net: NetName=NetP11_1 Pin=P11-1
Added Pin To Net: NetName=NetP11_1 Pin=U1-22
Added Net: Name=NetP11_1
Added Pin To Net: NetName=VCC Pin=CI1-8
Added Pin To Net: NetName=VCC Pin=CI1-16
Added Pin To Net: NetName=VCC Pin=P12-2
Added Pin To Net: NetName=VCC Pin=U2-3
Added Net: Name=VCC
Added Class: Name=AT long bus (13.3 x 4.2 inches)
Added Room: Name=AT long bus (13.3 x 4.2 inches)
