
ROM used:   136/1024 (13%)
            136/1024 (13%) including unused fragments

            0.2 Average locations per line
            4.7 Average locations per statement

RAM used:   7/64 (11%) at main() level
            7/64 (11%) worst case

Stack used: 0 worst case (0 in main + 0 for interrupts)
Stack size: 8

Lines Stmts  %   Files
----- ----- ---  -----
   49    29 100  ADC YOUTUBE.c
  501     0   0  ..\..\..\..\..\..\..\Program Files (x86)\PICC\Devices\12F675.h
----- -----
  550    29 Total

Page ROM  %  RAM    Vol Diff  Functions:
---- --- --- ---    --- ----  ----------
0    126  93    3    579  4.3  main
 Inline         0             @cinit1

Program metrics:
    Functions               1
    Statements              29
    Comments                98
    Volume (V)              581
    Difficulty (D)          4.2
    Effort to implement (E) 2434
    Time to implement (T)   2 minutes
    Est Delivered Bugs (B)  0
    Cyclomatic Complexity   5
    Maintainability (MI)    100

 Segment     Used  Free
-----------  ----  ----
00000-00003     4  0  
00004-003FF   132  888  



